Build started 4/20/2011 3:26:16 AM.
     1>Project "C:\Users\Adrian\documents\visual studio 2010\Projects\Attendance\Attendance\Attendance.vcxproj" on node 2 (build target(s)).
     1>InitializeBuildStatus:
         Creating "Release\Attendance.unsuccessfulbuild" because "AlwaysCreate" was specified.
       ClCompile:
         All outputs are up-to-date.
         C:\Program Files (x86)\Microsoft Visual Studio 10.0\VC\bin\CL.exe /c /Zi /nologo /W3 /WX- /O2 /Oi /Oy- /GL /D WIN32 /D NDEBUG /D _CONSOLE /D _UNICODE /D UNICODE /Gm- /EHsc /MT /GS /Gy /fp:precise /Zc:wchar_t /Zc:forScope /Fo"Release\\" /Fd"Release\vc100.pdb" /Gd /TP /analyze- /errorReport:prompt main.cpp XMLreader.cpp
         main.cpp
         XMLreader.cpp
     1>XMLreader.cpp(177): warning C4996: 'fopen': This function or variable may be unsafe. Consider using fopen_s instead. To disable deprecation, use _CRT_SECURE_NO_WARNINGS. See online help for details.
                 C:\Program Files (x86)\Microsoft Visual Studio 10.0\VC\include\stdio.h(234) : see declaration of 'fopen'
       ResourceCompile:
         All outputs are up-to-date.
       Link:
         C:\Program Files (x86)\Microsoft Visual Studio 10.0\VC\bin\link.exe /ERRORREPORT:PROMPT /OUT:"C:\Users\Adrian\documents\visual studio 2010\Projects\Attendance\Release\Attendance.exe" /INCREMENTAL:NO /NOLOGO kernel32.lib user32.lib gdi32.lib winspool.lib comdlg32.lib advapi32.lib shell32.lib ole32.lib oleaut32.lib uuid.lib odbc32.lib odbccp32.lib /MANIFEST /ManifestFile:"Release\Attendance.exe.intermediate.manifest" /MANIFESTUAC:"level='asInvoker' uiAccess='false'" /DEBUG /PDB:"C:\Users\Adrian\documents\visual studio 2010\Projects\Attendance\Release\Attendance.pdb" /SUBSYSTEM:CONSOLE /OPT:REF /OPT:ICF /LTCG /TLBID:1 /DYNAMICBASE /NXCOMPAT /IMPLIB:"C:\Users\Adrian\documents\visual studio 2010\Projects\Attendance\Release\Attendance.lib" /MACHINE:X86 Release\Attendance.res
         Release\main.obj
         Release\XMLreader.obj
         Generating code
         Finished generating code
         Attendance.vcxproj -> C:\Users\Adrian\documents\visual studio 2010\Projects\Attendance\Release\Attendance.exe
       Manifest:
         C:\Program Files (x86)\Microsoft SDKs\Windows\v7.0A\bin\mt.exe /nologo /verbose /outputresource:"C:\Users\Adrian\documents\visual studio 2010\Projects\Attendance\Release\Attendance.exe;#1" /manifest Release\Attendance.exe.intermediate.manifest
       FinalizeBuildStatus:
         Deleting file "Release\Attendance.unsuccessfulbuild".
         Touching "Release\Attendance.lastbuildstate".
     1>Done Building Project "C:\Users\Adrian\documents\visual studio 2010\Projects\Attendance\Attendance\Attendance.vcxproj" (build target(s)).

Build succeeded.

Time Elapsed 00:00:02.70
